Start testing: Nov 21 14:25 CET
----------------------------------------------------------
1/1 Testing: test_testing
1/1 Test: test_testing
Command: "/home/vizn3r/dev/kraken/rc-boat/dist/test/test_testing"
Directory: /home/vizn3r/dev/kraken/rc-boat/dist/test
"test_testing" start time: Nov 21 14:25 CET
Output:
----------------------------------------------------------
/home/vizn3r/dev/kraken/rc-boat/test/test_testing.c:8:test_pass:FAIL.  Expected TRUE Was FALSE

-----------------------
1 Tests 1 Failures 0 Ignored 
FAIL
<end of output>
Test time =   0.00 sec
----------------------------------------------------------
Test Failed.
"test_testing" end time: Nov 21 14:25 CET
"test_testing" time elapsed: 00:00:00
----------------------------------------------------------

End testing: Nov 21 14:25 CET
