Start testing: Nov 19 03:51 CET
----------------------------------------------------------
1/1 Testing: test_testing
1/1 Test: test_testing
Command: "/home/vizn3r/dev/kraken/rc-boat/dist/test/test_testing"
Directory: /home/vizn3r/dev/kraken/rc-boat/dist/test
"test_testing" start time: Nov 19 03:51 CET
Output:
----------------------------------------------------------
/home/vizn3r/dev/kraken/rc-boat/test/test_testing.c:11:test_pass:PASS

-----------------------
1 Tests 0 Failures 0 Ignored 
OK
<end of output>
Test time =   0.00 sec
----------------------------------------------------------
Test Passed.
"test_testing" end time: Nov 19 03:51 CET
"test_testing" time elapsed: 00:00:00
----------------------------------------------------------

End testing: Nov 19 03:51 CET
